2011/02/17 11:11:31 [error] [php] include(Nworx.php) [<a href='function.include'>function.include</a>]: failed to open stream: No such file or directory (/Applications/XAMPP/xamppfiles/htdocs/projects/newicon/projects/yii/YiiBase.php:395)
Stack trace:
#0 /Applications/XAMPP/xamppfiles/htdocs/projects/newicon/projects/protected/views/layouts/main.php(18): spl_autoload_call()
#1 /Applications/XAMPP/xamppfiles/htdocs/projects/newicon/projects/yii/web/CBaseController.php(119): require()
#2 /Applications/XAMPP/xamppfiles/htdocs/projects/newicon/projects/yii/web/CBaseController.php(88): SiteController->renderInternal()
#3 /Applications/XAMPP/xamppfiles/htdocs/projects/newicon/projects/yii/web/widgets/CContentDecorator.php(78): SiteController->renderFile()
#4 /Applications/XAMPP/xamppfiles/htdocs/projects/newicon/projects/yii/web/widgets/CContentDecorator.php(56): CContentDecorator->decorate()
#5 /Applications/XAMPP/xamppfiles/htdocs/projects/newicon/projects/yii/web/widgets/COutputProcessor.php(45): CContentDecorator->processOutput()
#6 /Applications/XAMPP/xamppfiles/htdocs/projects/newicon/projects/yii/web/CBaseController.php(199): CContentDecorator->run()
#7 /Applications/XAMPP/xamppfiles/htdocs/projects/newicon/projects/yii/web/CBaseController.php(294): SiteController->endWidget()
#8 /Applications/XAMPP/xamppfiles/htdocs/projects/newicon/projects/protected/views/layouts/column1.php(7): SiteController->endContent()
#9 /Applications/XAMPP/xamppfiles/htdocs/projects/newicon/projects/yii/web/CBaseController.php(119): require()
#10 /Applications/XAMPP/xamppfiles/htdocs/projects/newicon/projects/yii/web/CBaseController.php(88): SiteController->renderInternal()
#11 /Applications/XAMPP/xamppfiles/htdocs/projects/newicon/projects/yii/web/CController.php(748): SiteController->renderFile()
#12 /Applications/XAMPP/xamppfiles/htdocs/projects/newicon/projects/protected/controllers/SiteController.php(32): SiteController->render()
#13 /Applications/XAMPP/xamppfiles/htdocs/projects/newicon/projects/yii/web/actions/CInlineAction.php(57): SiteController->actionIndex()
#14 /Applications/XAMPP/xamppfiles/htdocs/projects/newicon/projects/yii/web/CController.php(300): CInlineAction->run()
#15 /Applications/XAMPP/xamppfiles/htdocs/projects/newicon/projects/yii/web/CController.php(278): SiteController->runAction()
#16 /Applications/XAMPP/xamppfiles/htdocs/projects/newicon/projects/yii/web/CController.php(257): SiteController->runActionWithFilters()
#17 /Applications/XAMPP/xamppfiles/htdocs/projects/newicon/projects/yii/web/CWebApplication.php(328): SiteController->run()
#18 /Applications/XAMPP/xamppfiles/htdocs/projects/newicon/projects/yii/web/CWebApplication.php(121): CWebApplication->runController()
#19 /Applications/XAMPP/xamppfiles/htdocs/projects/newicon/projects/yii/base/CApplication.php(155): CWebApplication->processRequest()
#20 /Applications/XAMPP/xamppfiles/htdocs/projects/newicon/projects/index.php(13): CWebApplication->run()
REQUEST_URI=/newicon/projects/index.php?r=site/index
in /Applications/XAMPP/xamppfiles/htdocs/projects/newicon/projects/protected/views/layouts/main.php (18)
in /Applications/XAMPP/xamppfiles/htdocs/projects/newicon/projects/protected/views/layouts/column1.php (7)
in /Applications/XAMPP/xamppfiles/htdocs/projects/newicon/projects/protected/controllers/SiteController.php (32)
2011/02/17 11:12:00 [error] [php] include(Nworx.php) [<a href='function.include'>function.include</a>]: failed to open stream: No such file or directory (/Applications/XAMPP/xamppfiles/htdocs/projects/newicon/projects/yii/YiiBase.php:395)
Stack trace:
#0 /Applications/XAMPP/xamppfiles/htdocs/projects/newicon/projects/protected/views/layouts/main.php(18): spl_autoload_call()
#1 /Applications/XAMPP/xamppfiles/htdocs/projects/newicon/projects/yii/web/CBaseController.php(119): require()
#2 /Applications/XAMPP/xamppfiles/htdocs/projects/newicon/projects/yii/web/CBaseController.php(88): SiteController->renderInternal()
#3 /Applications/XAMPP/xamppfiles/htdocs/projects/newicon/projects/yii/web/widgets/CContentDecorator.php(78): SiteController->renderFile()
#4 /Applications/XAMPP/xamppfiles/htdocs/projects/newicon/projects/yii/web/widgets/CContentDecorator.php(56): CContentDecorator->decorate()
#5 /Applications/XAMPP/xamppfiles/htdocs/projects/newicon/projects/yii/web/widgets/COutputProcessor.php(45): CContentDecorator->processOutput()
#6 /Applications/XAMPP/xamppfiles/htdocs/projects/newicon/projects/yii/web/CBaseController.php(199): CContentDecorator->run()
#7 /Applications/XAMPP/xamppfiles/htdocs/projects/newicon/projects/yii/web/CBaseController.php(294): SiteController->endWidget()
#8 /Applications/XAMPP/xamppfiles/htdocs/projects/newicon/projects/protected/views/layouts/column1.php(7): SiteController->endContent()
#9 /Applications/XAMPP/xamppfiles/htdocs/projects/newicon/projects/yii/web/CBaseController.php(119): require()
#10 /Applications/XAMPP/xamppfiles/htdocs/projects/newicon/projects/yii/web/CBaseController.php(88): SiteController->renderInternal()
#11 /Applications/XAMPP/xamppfiles/htdocs/projects/newicon/projects/yii/web/CController.php(748): SiteController->renderFile()
#12 /Applications/XAMPP/xamppfiles/htdocs/projects/newicon/projects/protected/controllers/SiteController.php(32): SiteController->render()
#13 /Applications/XAMPP/xamppfiles/htdocs/projects/newicon/projects/yii/web/actions/CInlineAction.php(57): SiteController->actionIndex()
#14 /Applications/XAMPP/xamppfiles/htdocs/projects/newicon/projects/yii/web/CController.php(300): CInlineAction->run()
#15 /Applications/XAMPP/xamppfiles/htdocs/projects/newicon/projects/yii/web/CController.php(278): SiteController->runAction()
#16 /Applications/XAMPP/xamppfiles/htdocs/projects/newicon/projects/yii/web/CController.php(257): SiteController->runActionWithFilters()
#17 /Applications/XAMPP/xamppfiles/htdocs/projects/newicon/projects/yii/web/CWebApplication.php(328): SiteController->run()
#18 /Applications/XAMPP/xamppfiles/htdocs/projects/newicon/projects/yii/web/CWebApplication.php(121): CWebApplication->runController()
#19 /Applications/XAMPP/xamppfiles/htdocs/projects/newicon/projects/yii/base/CApplication.php(155): CWebApplication->processRequest()
#20 /Applications/XAMPP/xamppfiles/htdocs/projects/newicon/projects/index.php(13): CWebApplication->run()
REQUEST_URI=/newicon/projects/index.php?r=site/index
in /Applications/XAMPP/xamppfiles/htdocs/projects/newicon/projects/protected/views/layouts/main.php (18)
in /Applications/XAMPP/xamppfiles/htdocs/projects/newicon/projects/protected/views/layouts/column1.php (7)
in /Applications/XAMPP/xamppfiles/htdocs/projects/newicon/projects/protected/controllers/SiteController.php (32)
2011/02/17 11:12:02 [error] [php] include(Nworx.php) [<a href='function.include'>function.include</a>]: failed to open stream: No such file or directory (/Applications/XAMPP/xamppfiles/htdocs/projects/newicon/projects/yii/YiiBase.php:395)
Stack trace:
#0 /Applications/XAMPP/xamppfiles/htdocs/projects/newicon/projects/protected/views/layouts/main.php(18): spl_autoload_call()
#1 /Applications/XAMPP/xamppfiles/htdocs/projects/newicon/projects/yii/web/CBaseController.php(119): require()
#2 /Applications/XAMPP/xamppfiles/htdocs/projects/newicon/projects/yii/web/CBaseController.php(88): SiteController->renderInternal()
#3 /Applications/XAMPP/xamppfiles/htdocs/projects/newicon/projects/yii/web/widgets/CContentDecorator.php(78): SiteController->renderFile()
#4 /Applications/XAMPP/xamppfiles/htdocs/projects/newicon/projects/yii/web/widgets/CContentDecorator.php(56): CContentDecorator->decorate()
#5 /Applications/XAMPP/xamppfiles/htdocs/projects/newicon/projects/yii/web/widgets/COutputProcessor.php(45): CContentDecorator->processOutput()
#6 /Applications/XAMPP/xamppfiles/htdocs/projects/newicon/projects/yii/web/CBaseController.php(199): CContentDecorator->run()
#7 /Applications/XAMPP/xamppfiles/htdocs/projects/newicon/projects/yii/web/CBaseController.php(294): SiteController->endWidget()
#8 /Applications/XAMPP/xamppfiles/htdocs/projects/newicon/projects/protected/views/layouts/column1.php(7): SiteController->endContent()
#9 /Applications/XAMPP/xamppfiles/htdocs/projects/newicon/projects/yii/web/CBaseController.php(119): require()
#10 /Applications/XAMPP/xamppfiles/htdocs/projects/newicon/projects/yii/web/CBaseController.php(88): SiteController->renderInternal()
#11 /Applications/XAMPP/xamppfiles/htdocs/projects/newicon/projects/yii/web/CController.php(748): SiteController->renderFile()
#12 /Applications/XAMPP/xamppfiles/htdocs/projects/newicon/projects/protected/controllers/SiteController.php(32): SiteController->render()
#13 /Applications/XAMPP/xamppfiles/htdocs/projects/newicon/projects/yii/web/actions/CInlineAction.php(57): SiteController->actionIndex()
#14 /Applications/XAMPP/xamppfiles/htdocs/projects/newicon/projects/yii/web/CController.php(300): CInlineAction->run()
#15 /Applications/XAMPP/xamppfiles/htdocs/projects/newicon/projects/yii/web/CController.php(278): SiteController->runAction()
#16 /Applications/XAMPP/xamppfiles/htdocs/projects/newicon/projects/yii/web/CController.php(257): SiteController->runActionWithFilters()
#17 /Applications/XAMPP/xamppfiles/htdocs/projects/newicon/projects/yii/web/CWebApplication.php(328): SiteController->run()
#18 /Applications/XAMPP/xamppfiles/htdocs/projects/newicon/projects/yii/web/CWebApplication.php(121): CWebApplication->runController()
#19 /Applications/XAMPP/xamppfiles/htdocs/projects/newicon/projects/yii/base/CApplication.php(155): CWebApplication->processRequest()
#20 /Applications/XAMPP/xamppfiles/htdocs/projects/newicon/projects/index.php(13): CWebApplication->run()
REQUEST_URI=/newicon/projects/index.php?r=site/index
in /Applications/XAMPP/xamppfiles/htdocs/projects/newicon/projects/protected/views/layouts/main.php (18)
in /Applications/XAMPP/xamppfiles/htdocs/projects/newicon/projects/protected/views/layouts/column1.php (7)
in /Applications/XAMPP/xamppfiles/htdocs/projects/newicon/projects/protected/controllers/SiteController.php (32)
2011/02/17 11:53:42 [error] [php] include(Nworx.php) [<a href='function.include'>function.include</a>]: failed to open stream: No such file or directory (/Applications/XAMPP/xamppfiles/htdocs/projects/newicon/projects/yii/YiiBase.php:395)
Stack trace:
#0 /Applications/XAMPP/xamppfiles/htdocs/projects/newicon/projects/protected/views/layouts/main.php(19): spl_autoload_call()
#1 /Applications/XAMPP/xamppfiles/htdocs/projects/newicon/projects/yii/web/CBaseController.php(119): require()
#2 /Applications/XAMPP/xamppfiles/htdocs/projects/newicon/projects/yii/web/CBaseController.php(88): SiteController->renderInternal()
#3 /Applications/XAMPP/xamppfiles/htdocs/projects/newicon/projects/yii/web/widgets/CContentDecorator.php(78): SiteController->renderFile()
#4 /Applications/XAMPP/xamppfiles/htdocs/projects/newicon/projects/yii/web/widgets/CContentDecorator.php(56): CContentDecorator->decorate()
#5 /Applications/XAMPP/xamppfiles/htdocs/projects/newicon/projects/yii/web/widgets/COutputProcessor.php(45): CContentDecorator->processOutput()
#6 /Applications/XAMPP/xamppfiles/htdocs/projects/newicon/projects/yii/web/CBaseController.php(199): CContentDecorator->run()
#7 /Applications/XAMPP/xamppfiles/htdocs/projects/newicon/projects/yii/web/CBaseController.php(294): SiteController->endWidget()
#8 /Applications/XAMPP/xamppfiles/htdocs/projects/newicon/projects/protected/views/layouts/column1.php(7): SiteController->endContent()
#9 /Applications/XAMPP/xamppfiles/htdocs/projects/newicon/projects/yii/web/CBaseController.php(119): require()
#10 /Applications/XAMPP/xamppfiles/htdocs/projects/newicon/projects/yii/web/CBaseController.php(88): SiteController->renderInternal()
#11 /Applications/XAMPP/xamppfiles/htdocs/projects/newicon/projects/yii/web/CController.php(748): SiteController->renderFile()
#12 /Applications/XAMPP/xamppfiles/htdocs/projects/newicon/projects/protected/controllers/SiteController.php(32): SiteController->render()
#13 /Applications/XAMPP/xamppfiles/htdocs/projects/newicon/projects/yii/web/actions/CInlineAction.php(57): SiteController->actionIndex()
#14 /Applications/XAMPP/xamppfiles/htdocs/projects/newicon/projects/yii/web/CController.php(300): CInlineAction->run()
#15 /Applications/XAMPP/xamppfiles/htdocs/projects/newicon/projects/yii/web/CController.php(278): SiteController->runAction()
#16 /Applications/XAMPP/xamppfiles/htdocs/projects/newicon/projects/yii/web/CController.php(257): SiteController->runActionWithFilters()
#17 /Applications/XAMPP/xamppfiles/htdocs/projects/newicon/projects/yii/web/CWebApplication.php(328): SiteController->run()
#18 /Applications/XAMPP/xamppfiles/htdocs/projects/newicon/projects/yii/web/CWebApplication.php(121): CWebApplication->runController()
#19 /Applications/XAMPP/xamppfiles/htdocs/projects/newicon/projects/yii/base/CApplication.php(155): CWebApplication->processRequest()
#20 /Applications/XAMPP/xamppfiles/htdocs/projects/newicon/projects/index.php(13): CWebApplication->run()
REQUEST_URI=/newicon/projects/index.php?r=site/index
in /Applications/XAMPP/xamppfiles/htdocs/projects/newicon/projects/protected/views/layouts/main.php (19)
in /Applications/XAMPP/xamppfiles/htdocs/projects/newicon/projects/protected/views/layouts/column1.php (7)
in /Applications/XAMPP/xamppfiles/htdocs/projects/newicon/projects/protected/controllers/SiteController.php (32)
2011/02/17 11:53:43 [error] [php] include(Nworx.php) [<a href='function.include'>function.include</a>]: failed to open stream: No such file or directory (/Applications/XAMPP/xamppfiles/htdocs/projects/newicon/projects/yii/YiiBase.php:395)
Stack trace:
#0 /Applications/XAMPP/xamppfiles/htdocs/projects/newicon/projects/protected/views/layouts/main.php(19): spl_autoload_call()
#1 /Applications/XAMPP/xamppfiles/htdocs/projects/newicon/projects/yii/web/CBaseController.php(119): require()
#2 /Applications/XAMPP/xamppfiles/htdocs/projects/newicon/projects/yii/web/CBaseController.php(88): SiteController->renderInternal()
#3 /Applications/XAMPP/xamppfiles/htdocs/projects/newicon/projects/yii/web/widgets/CContentDecorator.php(78): SiteController->renderFile()
#4 /Applications/XAMPP/xamppfiles/htdocs/projects/newicon/projects/yii/web/widgets/CContentDecorator.php(56): CContentDecorator->decorate()
#5 /Applications/XAMPP/xamppfiles/htdocs/projects/newicon/projects/yii/web/widgets/COutputProcessor.php(45): CContentDecorator->processOutput()
#6 /Applications/XAMPP/xamppfiles/htdocs/projects/newicon/projects/yii/web/CBaseController.php(199): CContentDecorator->run()
#7 /Applications/XAMPP/xamppfiles/htdocs/projects/newicon/projects/yii/web/CBaseController.php(294): SiteController->endWidget()
#8 /Applications/XAMPP/xamppfiles/htdocs/projects/newicon/projects/protected/views/layouts/column1.php(7): SiteController->endContent()
#9 /Applications/XAMPP/xamppfiles/htdocs/projects/newicon/projects/yii/web/CBaseController.php(119): require()
#10 /Applications/XAMPP/xamppfiles/htdocs/projects/newicon/projects/yii/web/CBaseController.php(88): SiteController->renderInternal()
#11 /Applications/XAMPP/xamppfiles/htdocs/projects/newicon/projects/yii/web/CController.php(748): SiteController->renderFile()
#12 /Applications/XAMPP/xamppfiles/htdocs/projects/newicon/projects/protected/controllers/SiteController.php(32): SiteController->render()
#13 /Applications/XAMPP/xamppfiles/htdocs/projects/newicon/projects/yii/web/actions/CInlineAction.php(57): SiteController->actionIndex()
#14 /Applications/XAMPP/xamppfiles/htdocs/projects/newicon/projects/yii/web/CController.php(300): CInlineAction->run()
#15 /Applications/XAMPP/xamppfiles/htdocs/projects/newicon/projects/yii/web/CController.php(278): SiteController->runAction()
#16 /Applications/XAMPP/xamppfiles/htdocs/projects/newicon/projects/yii/web/CController.php(257): SiteController->runActionWithFilters()
#17 /Applications/XAMPP/xamppfiles/htdocs/projects/newicon/projects/yii/web/CWebApplication.php(328): SiteController->run()
#18 /Applications/XAMPP/xamppfiles/htdocs/projects/newicon/projects/yii/web/CWebApplication.php(121): CWebApplication->runController()
#19 /Applications/XAMPP/xamppfiles/htdocs/projects/newicon/projects/yii/base/CApplication.php(155): CWebApplication->processRequest()
#20 /Applications/XAMPP/xamppfiles/htdocs/projects/newicon/projects/index.php(13): CWebApplication->run()
REQUEST_URI=/newicon/projects/index.php?r=site/index
in /Applications/XAMPP/xamppfiles/htdocs/projects/newicon/projects/protected/views/layouts/main.php (19)
in /Applications/XAMPP/xamppfiles/htdocs/projects/newicon/projects/protected/views/layouts/column1.php (7)
in /Applications/XAMPP/xamppfiles/htdocs/projects/newicon/projects/protected/controllers/SiteController.php (32)
2011/02/17 11:53:44 [error] [php] include(Nworx.php) [<a href='function.include'>function.include</a>]: failed to open stream: No such file or directory (/Applications/XAMPP/xamppfiles/htdocs/projects/newicon/projects/yii/YiiBase.php:395)
Stack trace:
#0 /Applications/XAMPP/xamppfiles/htdocs/projects/newicon/projects/protected/views/layouts/main.php(19): spl_autoload_call()
#1 /Applications/XAMPP/xamppfiles/htdocs/projects/newicon/projects/yii/web/CBaseController.php(119): require()
#2 /Applications/XAMPP/xamppfiles/htdocs/projects/newicon/projects/yii/web/CBaseController.php(88): SiteController->renderInternal()
#3 /Applications/XAMPP/xamppfiles/htdocs/projects/newicon/projects/yii/web/widgets/CContentDecorator.php(78): SiteController->renderFile()
#4 /Applications/XAMPP/xamppfiles/htdocs/projects/newicon/projects/yii/web/widgets/CContentDecorator.php(56): CContentDecorator->decorate()
#5 /Applications/XAMPP/xamppfiles/htdocs/projects/newicon/projects/yii/web/widgets/COutputProcessor.php(45): CContentDecorator->processOutput()
#6 /Applications/XAMPP/xamppfiles/htdocs/projects/newicon/projects/yii/web/CBaseController.php(199): CContentDecorator->run()
#7 /Applications/XAMPP/xamppfiles/htdocs/projects/newicon/projects/yii/web/CBaseController.php(294): SiteController->endWidget()
#8 /Applications/XAMPP/xamppfiles/htdocs/projects/newicon/projects/protected/views/layouts/column1.php(7): SiteController->endContent()
#9 /Applications/XAMPP/xamppfiles/htdocs/projects/newicon/projects/yii/web/CBaseController.php(119): require()
#10 /Applications/XAMPP/xamppfiles/htdocs/projects/newicon/projects/yii/web/CBaseController.php(88): SiteController->renderInternal()
#11 /Applications/XAMPP/xamppfiles/htdocs/projects/newicon/projects/yii/web/CController.php(748): SiteController->renderFile()
#12 /Applications/XAMPP/xamppfiles/htdocs/projects/newicon/projects/protected/controllers/SiteController.php(32): SiteController->render()
#13 /Applications/XAMPP/xamppfiles/htdocs/projects/newicon/projects/yii/web/actions/CInlineAction.php(57): SiteController->actionIndex()
#14 /Applications/XAMPP/xamppfiles/htdocs/projects/newicon/projects/yii/web/CController.php(300): CInlineAction->run()
#15 /Applications/XAMPP/xamppfiles/htdocs/projects/newicon/projects/yii/web/CController.php(278): SiteController->runAction()
#16 /Applications/XAMPP/xamppfiles/htdocs/projects/newicon/projects/yii/web/CController.php(257): SiteController->runActionWithFilters()
#17 /Applications/XAMPP/xamppfiles/htdocs/projects/newicon/projects/yii/web/CWebApplication.php(328): SiteController->run()
#18 /Applications/XAMPP/xamppfiles/htdocs/projects/newicon/projects/yii/web/CWebApplication.php(121): CWebApplication->runController()
#19 /Applications/XAMPP/xamppfiles/htdocs/projects/newicon/projects/yii/base/CApplication.php(155): CWebApplication->processRequest()
#20 /Applications/XAMPP/xamppfiles/htdocs/projects/newicon/projects/index.php(13): CWebApplication->run()
REQUEST_URI=/newicon/projects/index.php?r=site/index
in /Applications/XAMPP/xamppfiles/htdocs/projects/newicon/projects/protected/views/layouts/main.php (19)
in /Applications/XAMPP/xamppfiles/htdocs/projects/newicon/projects/protected/views/layouts/column1.php (7)
in /Applications/XAMPP/xamppfiles/htdocs/projects/newicon/projects/protected/controllers/SiteController.php (32)
2011/02/17 11:53:53 [error] [php] include(Nworx.php) [<a href='function.include'>function.include</a>]: failed to open stream: No such file or directory (/Applications/XAMPP/xamppfiles/htdocs/projects/newicon/projects/yii/YiiBase.php:395)
Stack trace:
#0 /Applications/XAMPP/xamppfiles/htdocs/projects/newicon/projects/protected/views/layouts/main.php(19): spl_autoload_call()
#1 /Applications/XAMPP/xamppfiles/htdocs/projects/newicon/projects/yii/web/CBaseController.php(119): require()
#2 /Applications/XAMPP/xamppfiles/htdocs/projects/newicon/projects/yii/web/CBaseController.php(88): SiteController->renderInternal()
#3 /Applications/XAMPP/xamppfiles/htdocs/projects/newicon/projects/yii/web/widgets/CContentDecorator.php(78): SiteController->renderFile()
#4 /Applications/XAMPP/xamppfiles/htdocs/projects/newicon/projects/yii/web/widgets/CContentDecorator.php(56): CContentDecorator->decorate()
#5 /Applications/XAMPP/xamppfiles/htdocs/projects/newicon/projects/yii/web/widgets/COutputProcessor.php(45): CContentDecorator->processOutput()
#6 /Applications/XAMPP/xamppfiles/htdocs/projects/newicon/projects/yii/web/CBaseController.php(199): CContentDecorator->run()
#7 /Applications/XAMPP/xamppfiles/htdocs/projects/newicon/projects/yii/web/CBaseController.php(294): SiteController->endWidget()
#8 /Applications/XAMPP/xamppfiles/htdocs/projects/newicon/projects/protected/views/layouts/column1.php(7): SiteController->endContent()
#9 /Applications/XAMPP/xamppfiles/htdocs/projects/newicon/projects/yii/web/CBaseController.php(119): require()
#10 /Applications/XAMPP/xamppfiles/htdocs/projects/newicon/projects/yii/web/CBaseController.php(88): SiteController->renderInternal()
#11 /Applications/XAMPP/xamppfiles/htdocs/projects/newicon/projects/yii/web/CController.php(748): SiteController->renderFile()
#12 /Applications/XAMPP/xamppfiles/htdocs/projects/newicon/projects/protected/controllers/SiteController.php(32): SiteController->render()
#13 /Applications/XAMPP/xamppfiles/htdocs/projects/newicon/projects/yii/web/actions/CInlineAction.php(57): SiteController->actionIndex()
#14 /Applications/XAMPP/xamppfiles/htdocs/projects/newicon/projects/yii/web/CController.php(300): CInlineAction->run()
#15 /Applications/XAMPP/xamppfiles/htdocs/projects/newicon/projects/yii/web/CController.php(278): SiteController->runAction()
#16 /Applications/XAMPP/xamppfiles/htdocs/projects/newicon/projects/yii/web/CController.php(257): SiteController->runActionWithFilters()
#17 /Applications/XAMPP/xamppfiles/htdocs/projects/newicon/projects/yii/web/CWebApplication.php(328): SiteController->run()
#18 /Applications/XAMPP/xamppfiles/htdocs/projects/newicon/projects/yii/web/CWebApplication.php(121): CWebApplication->runController()
#19 /Applications/XAMPP/xamppfiles/htdocs/projects/newicon/projects/yii/base/CApplication.php(155): CWebApplication->processRequest()
#20 /Applications/XAMPP/xamppfiles/htdocs/projects/newicon/projects/index.php(13): CWebApplication->run()
REQUEST_URI=/newicon/projects/index.php
in /Applications/XAMPP/xamppfiles/htdocs/projects/newicon/projects/protected/views/layouts/main.php (19)
in /Applications/XAMPP/xamppfiles/htdocs/projects/newicon/projects/protected/views/layouts/column1.php (7)
in /Applications/XAMPP/xamppfiles/htdocs/projects/newicon/projects/protected/controllers/SiteController.php (32)
2011/02/17 11:56:52 [error] [php] include(NHtml.php) [<a href='function.include'>function.include</a>]: failed to open stream: No such file or directory (/Applications/XAMPP/xamppfiles/htdocs/projects/newicon/projects/yii/YiiBase.php:395)
Stack trace:
#0 /Applications/XAMPP/xamppfiles/htdocs/projects/newicon/projects/protected/views/layouts/main.php(19): spl_autoload_call()
#1 /Applications/XAMPP/xamppfiles/htdocs/projects/newicon/projects/yii/web/CBaseController.php(119): require()
#2 /Applications/XAMPP/xamppfiles/htdocs/projects/newicon/projects/yii/web/CBaseController.php(88): SiteController->renderInternal()
#3 /Applications/XAMPP/xamppfiles/htdocs/projects/newicon/projects/yii/web/widgets/CContentDecorator.php(78): SiteController->renderFile()
#4 /Applications/XAMPP/xamppfiles/htdocs/projects/newicon/projects/yii/web/widgets/CContentDecorator.php(56): CContentDecorator->decorate()
#5 /Applications/XAMPP/xamppfiles/htdocs/projects/newicon/projects/yii/web/widgets/COutputProcessor.php(45): CContentDecorator->processOutput()
#6 /Applications/XAMPP/xamppfiles/htdocs/projects/newicon/projects/yii/web/CBaseController.php(199): CContentDecorator->run()
#7 /Applications/XAMPP/xamppfiles/htdocs/projects/newicon/projects/yii/web/CBaseController.php(294): SiteController->endWidget()
#8 /Applications/XAMPP/xamppfiles/htdocs/projects/newicon/projects/protected/views/layouts/column1.php(7): SiteController->endContent()
#9 /Applications/XAMPP/xamppfiles/htdocs/projects/newicon/projects/yii/web/CBaseController.php(119): require()
#10 /Applications/XAMPP/xamppfiles/htdocs/projects/newicon/projects/yii/web/CBaseController.php(88): SiteController->renderInternal()
#11 /Applications/XAMPP/xamppfiles/htdocs/projects/newicon/projects/yii/web/CController.php(748): SiteController->renderFile()
#12 /Applications/XAMPP/xamppfiles/htdocs/projects/newicon/projects/protected/controllers/SiteController.php(32): SiteController->render()
#13 /Applications/XAMPP/xamppfiles/htdocs/projects/newicon/projects/yii/web/actions/CInlineAction.php(57): SiteController->actionIndex()
#14 /Applications/XAMPP/xamppfiles/htdocs/projects/newicon/projects/yii/web/CController.php(300): CInlineAction->run()
#15 /Applications/XAMPP/xamppfiles/htdocs/projects/newicon/projects/yii/web/CController.php(278): SiteController->runAction()
#16 /Applications/XAMPP/xamppfiles/htdocs/projects/newicon/projects/yii/web/CController.php(257): SiteController->runActionWithFilters()
#17 /Applications/XAMPP/xamppfiles/htdocs/projects/newicon/projects/yii/web/CWebApplication.php(328): SiteController->run()
#18 /Applications/XAMPP/xamppfiles/htdocs/projects/newicon/projects/yii/web/CWebApplication.php(121): CWebApplication->runController()
#19 /Applications/XAMPP/xamppfiles/htdocs/projects/newicon/projects/yii/base/CApplication.php(155): CWebApplication->processRequest()
#20 /Applications/XAMPP/xamppfiles/htdocs/projects/newicon/projects/index.php(13): CWebApplication->run()
REQUEST_URI=/newicon/projects/index.php
in /Applications/XAMPP/xamppfiles/htdocs/projects/newicon/projects/protected/views/layouts/main.php (19)
in /Applications/XAMPP/xamppfiles/htdocs/projects/newicon/projects/protected/views/layouts/column1.php (7)
in /Applications/XAMPP/xamppfiles/htdocs/projects/newicon/projects/protected/controllers/SiteController.php (32)
2011/02/17 12:05:00 [error] [php] Missing argument 1 for NHtml::url(), called in /Applications/XAMPP/xamppfiles/htdocs/projects/newicon/projects/protected/views/layouts/main.php on line 19 and defined (/Applications/XAMPP/xamppfiles/htdocs/projects/newicon/projects/protected/extensions/NHtml.php:19)
Stack trace:
#0 /Applications/XAMPP/xamppfiles/htdocs/projects/newicon/projects/yii/web/CBaseController.php(88): SiteController->renderInternal()
#1 /Applications/XAMPP/xamppfiles/htdocs/projects/newicon/projects/yii/web/widgets/CContentDecorator.php(78): SiteController->renderFile()
#2 /Applications/XAMPP/xamppfiles/htdocs/projects/newicon/projects/yii/web/widgets/CContentDecorator.php(56): CContentDecorator->decorate()
#3 /Applications/XAMPP/xamppfiles/htdocs/projects/newicon/projects/yii/web/widgets/COutputProcessor.php(45): CContentDecorator->processOutput()
#4 /Applications/XAMPP/xamppfiles/htdocs/projects/newicon/projects/yii/web/CBaseController.php(199): CContentDecorator->run()
#5 /Applications/XAMPP/xamppfiles/htdocs/projects/newicon/projects/yii/web/CBaseController.php(294): SiteController->endWidget()
#6 /Applications/XAMPP/xamppfiles/htdocs/projects/newicon/projects/protected/views/layouts/column1.php(7): SiteController->endContent()
#7 /Applications/XAMPP/xamppfiles/htdocs/projects/newicon/projects/yii/web/CBaseController.php(119): require()
#8 /Applications/XAMPP/xamppfiles/htdocs/projects/newicon/projects/yii/web/CBaseController.php(88): SiteController->renderInternal()
#9 /Applications/XAMPP/xamppfiles/htdocs/projects/newicon/projects/yii/web/CController.php(748): SiteController->renderFile()
#10 /Applications/XAMPP/xamppfiles/htdocs/projects/newicon/projects/protected/controllers/SiteController.php(32): SiteController->render()
#11 /Applications/XAMPP/xamppfiles/htdocs/projects/newicon/projects/yii/web/actions/CInlineAction.php(57): SiteController->actionIndex()
#12 /Applications/XAMPP/xamppfiles/htdocs/projects/newicon/projects/yii/web/CController.php(300): CInlineAction->run()
#13 /Applications/XAMPP/xamppfiles/htdocs/projects/newicon/projects/yii/web/CController.php(278): SiteController->runAction()
#14 /Applications/XAMPP/xamppfiles/htdocs/projects/newicon/projects/yii/web/CController.php(257): SiteController->runActionWithFilters()
#15 /Applications/XAMPP/xamppfiles/htdocs/projects/newicon/projects/yii/web/CWebApplication.php(328): SiteController->run()
#16 /Applications/XAMPP/xamppfiles/htdocs/projects/newicon/projects/yii/web/CWebApplication.php(121): CWebApplication->runController()
#17 /Applications/XAMPP/xamppfiles/htdocs/projects/newicon/projects/yii/base/CApplication.php(155): CWebApplication->processRequest()
#18 /Applications/XAMPP/xamppfiles/htdocs/projects/newicon/projects/index.php(13): CWebApplication->run()
REQUEST_URI=/newicon/projects/index.php
in /Applications/XAMPP/xamppfiles/htdocs/projects/newicon/projects/protected/extensions/NHtml.php (19)
in /Applications/XAMPP/xamppfiles/htdocs/projects/newicon/projects/protected/views/layouts/main.php (19)
in /Applications/XAMPP/xamppfiles/htdocs/projects/newicon/projects/protected/views/layouts/column1.php (7)
2011/02/17 12:05:46 [error] [php] include(Nworx.php) [<a href='function.include'>function.include</a>]: failed to open stream: No such file or directory (/Applications/XAMPP/xamppfiles/htdocs/projects/newicon/projects/yii/YiiBase.php:395)
Stack trace:
#0 /Applications/XAMPP/xamppfiles/htdocs/projects/newicon/projects/protected/views/layouts/main.php(25): spl_autoload_call()
#1 /Applications/XAMPP/xamppfiles/htdocs/projects/newicon/projects/yii/web/CBaseController.php(119): require()
#2 /Applications/XAMPP/xamppfiles/htdocs/projects/newicon/projects/yii/web/CBaseController.php(88): SiteController->renderInternal()
#3 /Applications/XAMPP/xamppfiles/htdocs/projects/newicon/projects/yii/web/widgets/CContentDecorator.php(78): SiteController->renderFile()
#4 /Applications/XAMPP/xamppfiles/htdocs/projects/newicon/projects/yii/web/widgets/CContentDecorator.php(56): CContentDecorator->decorate()
#5 /Applications/XAMPP/xamppfiles/htdocs/projects/newicon/projects/yii/web/widgets/COutputProcessor.php(45): CContentDecorator->processOutput()
#6 /Applications/XAMPP/xamppfiles/htdocs/projects/newicon/projects/yii/web/CBaseController.php(199): CContentDecorator->run()
#7 /Applications/XAMPP/xamppfiles/htdocs/projects/newicon/projects/yii/web/CBaseController.php(294): SiteController->endWidget()
#8 /Applications/XAMPP/xamppfiles/htdocs/projects/newicon/projects/protected/views/layouts/column1.php(7): SiteController->endContent()
#9 /Applications/XAMPP/xamppfiles/htdocs/projects/newicon/projects/yii/web/CBaseController.php(119): require()
#10 /Applications/XAMPP/xamppfiles/htdocs/projects/newicon/projects/yii/web/CBaseController.php(88): SiteController->renderInternal()
#11 /Applications/XAMPP/xamppfiles/htdocs/projects/newicon/projects/yii/web/CController.php(748): SiteController->renderFile()
#12 /Applications/XAMPP/xamppfiles/htdocs/projects/newicon/projects/protected/controllers/SiteController.php(32): SiteController->render()
#13 /Applications/XAMPP/xamppfiles/htdocs/projects/newicon/projects/yii/web/actions/CInlineAction.php(57): SiteController->actionIndex()
#14 /Applications/XAMPP/xamppfiles/htdocs/projects/newicon/projects/yii/web/CController.php(300): CInlineAction->run()
#15 /Applications/XAMPP/xamppfiles/htdocs/projects/newicon/projects/yii/web/CController.php(278): SiteController->runAction()
#16 /Applications/XAMPP/xamppfiles/htdocs/projects/newicon/projects/yii/web/CController.php(257): SiteController->runActionWithFilters()
#17 /Applications/XAMPP/xamppfiles/htdocs/projects/newicon/projects/yii/web/CWebApplication.php(328): SiteController->run()
#18 /Applications/XAMPP/xamppfiles/htdocs/projects/newicon/projects/yii/web/CWebApplication.php(121): CWebApplication->runController()
#19 /Applications/XAMPP/xamppfiles/htdocs/projects/newicon/projects/yii/base/CApplication.php(155): CWebApplication->processRequest()
#20 /Applications/XAMPP/xamppfiles/htdocs/projects/newicon/projects/index.php(13): CWebApplication->run()
REQUEST_URI=/newicon/projects/index.php
in /Applications/XAMPP/xamppfiles/htdocs/projects/newicon/projects/protected/views/layouts/main.php (25)
in /Applications/XAMPP/xamppfiles/htdocs/projects/newicon/projects/protected/views/layouts/column1.php (7)
in /Applications/XAMPP/xamppfiles/htdocs/projects/newicon/projects/protected/controllers/SiteController.php (32)
2011/02/17 12:06:24 [error] [exception.CException] exception 'CException' with message 'CWebUser does not have a method named "isLoggedIn".' in /Applications/XAMPP/xamppfiles/htdocs/projects/newicon/projects/yii/base/CComponent.php:266
Stack trace:
#0 [internal function]: CComponent->__call('isLoggedIn', Array)
#1 /Applications/XAMPP/xamppfiles/htdocs/projects/newicon/projects/protected/views/layouts/main.php(25): CWebUser->isLoggedIn()
#2 /Applications/XAMPP/xamppfiles/htdocs/projects/newicon/projects/yii/web/CBaseController.php(119): require('/Applications/X...')
#3 /Applications/XAMPP/xamppfiles/htdocs/projects/newicon/projects/yii/web/CBaseController.php(88): CBaseController->renderInternal('/Applications/X...', Array, true)
#4 /Applications/XAMPP/xamppfiles/htdocs/projects/newicon/projects/yii/web/widgets/CContentDecorator.php(78): CBaseController->renderFile('/Applications/X...', Array, true)
#5 /Applications/XAMPP/xamppfiles/htdocs/projects/newicon/projects/yii/web/widgets/CContentDecorator.php(56): CContentDecorator->decorate('<div class="con...')
#6 /Applications/XAMPP/xamppfiles/htdocs/projects/newicon/projects/yii/web/widgets/COutputProcessor.php(45): CContentDecorator->processOutput('<div class="con...')
#7 /Applications/XAMPP/xamppfiles/htdocs/projects/newicon/projects/yii/web/CBaseController.php(199): COutputProcessor->run()
#8 /Applications/XAMPP/xamppfiles/htdocs/projects/newicon/projects/yii/web/CBaseController.php(294): CBaseController->endWidget('CContentDecorat...')
#9 /Applications/XAMPP/xamppfiles/htdocs/projects/newicon/projects/protected/views/layouts/column1.php(7): CBaseController->endContent()
#10 /Applications/XAMPP/xamppfiles/htdocs/projects/newicon/projects/yii/web/CBaseController.php(119): require('/Applications/X...')
#11 /Applications/XAMPP/xamppfiles/htdocs/projects/newicon/projects/yii/web/CBaseController.php(88): CBaseController->renderInternal('/Applications/X...', Array, true)
#12 /Applications/XAMPP/xamppfiles/htdocs/projects/newicon/projects/yii/web/CController.php(748): CBaseController->renderFile('/Applications/X...', Array, true)
#13 /Applications/XAMPP/xamppfiles/htdocs/projects/newicon/projects/protected/controllers/SiteController.php(32): CController->render('index')
#14 /Applications/XAMPP/xamppfiles/htdocs/projects/newicon/projects/yii/web/actions/CInlineAction.php(57): SiteController->actionIndex()
#15 /Applications/XAMPP/xamppfiles/htdocs/projects/newicon/projects/yii/web/CController.php(300): CInlineAction->run()
#16 /Applications/XAMPP/xamppfiles/htdocs/projects/newicon/projects/yii/web/CController.php(278): CController->runAction(Object(CInlineAction))
#17 /Applications/XAMPP/xamppfiles/htdocs/projects/newicon/projects/yii/web/CController.php(257): CController->runActionWithFilters(Object(CInlineAction), Array)
#18 /Applications/XAMPP/xamppfiles/htdocs/projects/newicon/projects/yii/web/CWebApplication.php(328): CController->run('')
#19 /Applications/XAMPP/xamppfiles/htdocs/projects/newicon/projects/yii/web/CWebApplication.php(121): CWebApplication->runController('')
#20 /Applications/XAMPP/xamppfiles/htdocs/projects/newicon/projects/yii/base/CApplication.php(155): CWebApplication->processRequest()
#21 /Applications/XAMPP/xamppfiles/htdocs/projects/newicon/projects/index.php(13): CApplication->run()
#22 {main} REQUEST_URI=/newicon/projects/index.php
2011/02/17 12:12:41 [error] [exception.CException] exception 'CException' with message 'SiteController does not have a method named "com".' in /Applications/XAMPP/xamppfiles/htdocs/projects/newicon/projects/yii/base/CComponent.php:266
Stack trace:
#0 [internal function]: CComponent->__call('com', Array)
#1 /Applications/XAMPP/xamppfiles/htdocs/projects/newicon/projects/protected/views/layouts/main.php(26): SiteController->com('users/user-logi...')
#2 /Applications/XAMPP/xamppfiles/htdocs/projects/newicon/projects/yii/web/CBaseController.php(119): require('/Applications/X...')
#3 /Applications/XAMPP/xamppfiles/htdocs/projects/newicon/projects/yii/web/CBaseController.php(88): CBaseController->renderInternal('/Applications/X...', Array, true)
#4 /Applications/XAMPP/xamppfiles/htdocs/projects/newicon/projects/yii/web/widgets/CContentDecorator.php(78): CBaseController->renderFile('/Applications/X...', Array, true)
#5 /Applications/XAMPP/xamppfiles/htdocs/projects/newicon/projects/yii/web/widgets/CContentDecorator.php(56): CContentDecorator->decorate('<div class="con...')
#6 /Applications/XAMPP/xamppfiles/htdocs/projects/newicon/projects/yii/web/widgets/COutputProcessor.php(45): CContentDecorator->processOutput('<div class="con...')
#7 /Applications/XAMPP/xamppfiles/htdocs/projects/newicon/projects/yii/web/CBaseController.php(199): COutputProcessor->run()
#8 /Applications/XAMPP/xamppfiles/htdocs/projects/newicon/projects/yii/web/CBaseController.php(294): CBaseController->endWidget('CContentDecorat...')
#9 /Applications/XAMPP/xamppfiles/htdocs/projects/newicon/projects/protected/views/layouts/column1.php(7): CBaseController->endContent()
#10 /Applications/XAMPP/xamppfiles/htdocs/projects/newicon/projects/yii/web/CBaseController.php(119): require('/Applications/X...')
#11 /Applications/XAMPP/xamppfiles/htdocs/projects/newicon/projects/yii/web/CBaseController.php(88): CBaseController->renderInternal('/Applications/X...', Array, true)
#12 /Applications/XAMPP/xamppfiles/htdocs/projects/newicon/projects/yii/web/CController.php(748): CBaseController->renderFile('/Applications/X...', Array, true)
#13 /Applications/XAMPP/xamppfiles/htdocs/projects/newicon/projects/protected/controllers/SiteController.php(32): CController->render('index')
#14 /Applications/XAMPP/xamppfiles/htdocs/projects/newicon/projects/yii/web/actions/CInlineAction.php(57): SiteController->actionIndex()
#15 /Applications/XAMPP/xamppfiles/htdocs/projects/newicon/projects/yii/web/CController.php(300): CInlineAction->run()
#16 /Applications/XAMPP/xamppfiles/htdocs/projects/newicon/projects/yii/web/CController.php(278): CController->runAction(Object(CInlineAction))
#17 /Applications/XAMPP/xamppfiles/htdocs/projects/newicon/projects/yii/web/CController.php(257): CController->runActionWithFilters(Object(CInlineAction), Array)
#18 /Applications/XAMPP/xamppfiles/htdocs/projects/newicon/projects/yii/web/CWebApplication.php(328): CController->run('')
#19 /Applications/XAMPP/xamppfiles/htdocs/projects/newicon/projects/yii/web/CWebApplication.php(121): CWebApplication->runController('')
#20 /Applications/XAMPP/xamppfiles/htdocs/projects/newicon/projects/yii/base/CApplication.php(155): CWebApplication->processRequest()
#21 /Applications/XAMPP/xamppfiles/htdocs/projects/newicon/projects/index.php(13): CApplication->run()
#22 {main} REQUEST_URI=/newicon/projects/index.php
2011/02/17 12:13:06 [error] [exception.CException] exception 'CException' with message 'SiteController does not have a method named "com".' in /Applications/XAMPP/xamppfiles/htdocs/projects/newicon/projects/yii/base/CComponent.php:266
Stack trace:
#0 [internal function]: CComponent->__call('com', Array)
#1 /Applications/XAMPP/xamppfiles/htdocs/projects/newicon/projects/protected/views/layouts/main.php(38): SiteController->com('core/menu', Array)
#2 /Applications/XAMPP/xamppfiles/htdocs/projects/newicon/projects/yii/web/CBaseController.php(119): require('/Applications/X...')
#3 /Applications/XAMPP/xamppfiles/htdocs/projects/newicon/projects/yii/web/CBaseController.php(88): CBaseController->renderInternal('/Applications/X...', Array, true)
#4 /Applications/XAMPP/xamppfiles/htdocs/projects/newicon/projects/yii/web/widgets/CContentDecorator.php(78): CBaseController->renderFile('/Applications/X...', Array, true)
#5 /Applications/XAMPP/xamppfiles/htdocs/projects/newicon/projects/yii/web/widgets/CContentDecorator.php(56): CContentDecorator->decorate('<div class="con...')
#6 /Applications/XAMPP/xamppfiles/htdocs/projects/newicon/projects/yii/web/widgets/COutputProcessor.php(45): CContentDecorator->processOutput('<div class="con...')
#7 /Applications/XAMPP/xamppfiles/htdocs/projects/newicon/projects/yii/web/CBaseController.php(199): COutputProcessor->run()
#8 /Applications/XAMPP/xamppfiles/htdocs/projects/newicon/projects/yii/web/CBaseController.php(294): CBaseController->endWidget('CContentDecorat...')
#9 /Applications/XAMPP/xamppfiles/htdocs/projects/newicon/projects/protected/views/layouts/column1.php(7): CBaseController->endContent()
#10 /Applications/XAMPP/xamppfiles/htdocs/projects/newicon/projects/yii/web/CBaseController.php(119): require('/Applications/X...')
#11 /Applications/XAMPP/xamppfiles/htdocs/projects/newicon/projects/yii/web/CBaseController.php(88): CBaseController->renderInternal('/Applications/X...', Array, true)
#12 /Applications/XAMPP/xamppfiles/htdocs/projects/newicon/projects/yii/web/CController.php(748): CBaseController->renderFile('/Applications/X...', Array, true)
#13 /Applications/XAMPP/xamppfiles/htdocs/projects/newicon/projects/protected/controllers/SiteController.php(32): CController->render('index')
#14 /Applications/XAMPP/xamppfiles/htdocs/projects/newicon/projects/yii/web/actions/CInlineAction.php(57): SiteController->actionIndex()
#15 /Applications/XAMPP/xamppfiles/htdocs/projects/newicon/projects/yii/web/CController.php(300): CInlineAction->run()
#16 /Applications/XAMPP/xamppfiles/htdocs/projects/newicon/projects/yii/web/CController.php(278): CController->runAction(Object(CInlineAction))
#17 /Applications/XAMPP/xamppfiles/htdocs/projects/newicon/projects/yii/web/CController.php(257): CController->runActionWithFilters(Object(CInlineAction), Array)
#18 /Applications/XAMPP/xamppfiles/htdocs/projects/newicon/projects/yii/web/CWebApplication.php(328): CController->run('')
#19 /Applications/XAMPP/xamppfiles/htdocs/projects/newicon/projects/yii/web/CWebApplication.php(121): CWebApplication->runController('')
#20 /Applications/XAMPP/xamppfiles/htdocs/projects/newicon/projects/yii/base/CApplication.php(155): CWebApplication->processRequest()
#21 /Applications/XAMPP/xamppfiles/htdocs/projects/newicon/projects/index.php(13): CApplication->run()
#22 {main} REQUEST_URI=/newicon/projects/index.php
2011/02/17 12:13:10 [error] [exception.CException] exception 'CException' with message 'SiteController does not have a method named "com".' in /Applications/XAMPP/xamppfiles/htdocs/projects/newicon/projects/yii/base/CComponent.php:266
Stack trace:
#0 [internal function]: CComponent->__call('com', Array)
#1 /Applications/XAMPP/xamppfiles/htdocs/projects/newicon/projects/protected/views/layouts/main.php(38): SiteController->com('core/menu', Array)
#2 /Applications/XAMPP/xamppfiles/htdocs/projects/newicon/projects/yii/web/CBaseController.php(119): require('/Applications/X...')
#3 /Applications/XAMPP/xamppfiles/htdocs/projects/newicon/projects/yii/web/CBaseController.php(88): CBaseController->renderInternal('/Applications/X...', Array, true)
#4 /Applications/XAMPP/xamppfiles/htdocs/projects/newicon/projects/yii/web/widgets/CContentDecorator.php(78): CBaseController->renderFile('/Applications/X...', Array, true)
#5 /Applications/XAMPP/xamppfiles/htdocs/projects/newicon/projects/yii/web/widgets/CContentDecorator.php(56): CContentDecorator->decorate('<div class="con...')
#6 /Applications/XAMPP/xamppfiles/htdocs/projects/newicon/projects/yii/web/widgets/COutputProcessor.php(45): CContentDecorator->processOutput('<div class="con...')
#7 /Applications/XAMPP/xamppfiles/htdocs/projects/newicon/projects/yii/web/CBaseController.php(199): COutputProcessor->run()
#8 /Applications/XAMPP/xamppfiles/htdocs/projects/newicon/projects/yii/web/CBaseController.php(294): CBaseController->endWidget('CContentDecorat...')
#9 /Applications/XAMPP/xamppfiles/htdocs/projects/newicon/projects/protected/views/layouts/column1.php(7): CBaseController->endContent()
#10 /Applications/XAMPP/xamppfiles/htdocs/projects/newicon/projects/yii/web/CBaseController.php(119): require('/Applications/X...')
#11 /Applications/XAMPP/xamppfiles/htdocs/projects/newicon/projects/yii/web/CBaseController.php(88): CBaseController->renderInternal('/Applications/X...', Array, true)
#12 /Applications/XAMPP/xamppfiles/htdocs/projects/newicon/projects/yii/web/CController.php(748): CBaseController->renderFile('/Applications/X...', Array, true)
#13 /Applications/XAMPP/xamppfiles/htdocs/projects/newicon/projects/protected/controllers/SiteController.php(32): CController->render('index')
#14 /Applications/XAMPP/xamppfiles/htdocs/projects/newicon/projects/yii/web/actions/CInlineAction.php(57): SiteController->actionIndex()
#15 /Applications/XAMPP/xamppfiles/htdocs/projects/newicon/projects/yii/web/CController.php(300): CInlineAction->run()
#16 /Applications/XAMPP/xamppfiles/htdocs/projects/newicon/projects/yii/web/CController.php(278): CController->runAction(Object(CInlineAction))
#17 /Applications/XAMPP/xamppfiles/htdocs/projects/newicon/projects/yii/web/CController.php(257): CController->runActionWithFilters(Object(CInlineAction), Array)
#18 /Applications/XAMPP/xamppfiles/htdocs/projects/newicon/projects/yii/web/CWebApplication.php(328): CController->run('')
#19 /Applications/XAMPP/xamppfiles/htdocs/projects/newicon/projects/yii/web/CWebApplication.php(121): CWebApplication->runController('')
#20 /Applications/XAMPP/xamppfiles/htdocs/projects/newicon/projects/yii/base/CApplication.php(155): CWebApplication->processRequest()
#21 /Applications/XAMPP/xamppfiles/htdocs/projects/newicon/projects/index.php(13): CApplication->run()
#22 {main} REQUEST_URI=/newicon/projects/index.php
2011/02/17 12:14:59 [error] [exception.CException] exception 'CException' with message 'SiteController does not have a method named "com".' in /Applications/XAMPP/xamppfiles/htdocs/projects/newicon/projects/yii/base/CComponent.php:266
Stack trace:
#0 [internal function]: CComponent->__call('com', Array)
#1 /Applications/XAMPP/xamppfiles/htdocs/projects/newicon/projects/protected/views/layouts/main.php(38): SiteController->com('core/menu', Array)
#2 /Applications/XAMPP/xamppfiles/htdocs/projects/newicon/projects/yii/web/CBaseController.php(119): require('/Applications/X...')
#3 /Applications/XAMPP/xamppfiles/htdocs/projects/newicon/projects/yii/web/CBaseController.php(88): CBaseController->renderInternal('/Applications/X...', Array, true)
#4 /Applications/XAMPP/xamppfiles/htdocs/projects/newicon/projects/yii/web/widgets/CContentDecorator.php(78): CBaseController->renderFile('/Applications/X...', Array, true)
#5 /Applications/XAMPP/xamppfiles/htdocs/projects/newicon/projects/yii/web/widgets/CContentDecorator.php(56): CContentDecorator->decorate('<div class="con...')
#6 /Applications/XAMPP/xamppfiles/htdocs/projects/newicon/projects/yii/web/widgets/COutputProcessor.php(45): CContentDecorator->processOutput('<div class="con...')
#7 /Applications/XAMPP/xamppfiles/htdocs/projects/newicon/projects/yii/web/CBaseController.php(199): COutputProcessor->run()
#8 /Applications/XAMPP/xamppfiles/htdocs/projects/newicon/projects/yii/web/CBaseController.php(294): CBaseController->endWidget('CContentDecorat...')
#9 /Applications/XAMPP/xamppfiles/htdocs/projects/newicon/projects/protected/views/layouts/column1.php(7): CBaseController->endContent()
#10 /Applications/XAMPP/xamppfiles/htdocs/projects/newicon/projects/yii/web/CBaseController.php(119): require('/Applications/X...')
#11 /Applications/XAMPP/xamppfiles/htdocs/projects/newicon/projects/yii/web/CBaseController.php(88): CBaseController->renderInternal('/Applications/X...', Array, true)
#12 /Applications/XAMPP/xamppfiles/htdocs/projects/newicon/projects/yii/web/CController.php(748): CBaseController->renderFile('/Applications/X...', Array, true)
#13 /Applications/XAMPP/xamppfiles/htdocs/projects/newicon/projects/protected/controllers/SiteController.php(32): CController->render('index')
#14 /Applications/XAMPP/xamppfiles/htdocs/projects/newicon/projects/yii/web/actions/CInlineAction.php(57): SiteController->actionIndex()
#15 /Applications/XAMPP/xamppfiles/htdocs/projects/newicon/projects/yii/web/CController.php(300): CInlineAction->run()
#16 /Applications/XAMPP/xamppfiles/htdocs/projects/newicon/projects/yii/web/CController.php(278): CController->runAction(Object(CInlineAction))
#17 /Applications/XAMPP/xamppfiles/htdocs/projects/newicon/projects/yii/web/CController.php(257): CController->runActionWithFilters(Object(CInlineAction), Array)
#18 /Applications/XAMPP/xamppfiles/htdocs/projects/newicon/projects/yii/web/CWebApplication.php(328): CController->run('')
#19 /Applications/XAMPP/xamppfiles/htdocs/projects/newicon/projects/yii/web/CWebApplication.php(121): CWebApplication->runController('')
#20 /Applications/XAMPP/xamppfiles/htdocs/projects/newicon/projects/yii/base/CApplication.php(155): CWebApplication->processRequest()
#21 /Applications/XAMPP/xamppfiles/htdocs/projects/newicon/projects/index.php(13): CApplication->run()
#22 {main} REQUEST_URI=/newicon/projects/index.php
2011/02/17 12:15:15 [error] [exception.CException] exception 'CException' with message 'SiteController does not have a method named "com".' in /Applications/XAMPP/xamppfiles/htdocs/projects/newicon/projects/yii/base/CComponent.php:266
Stack trace:
#0 [internal function]: CComponent->__call('com', Array)
#1 /Applications/XAMPP/xamppfiles/htdocs/projects/newicon/projects/protected/views/layouts/main.php(38): SiteController->com('menu', Array)
#2 /Applications/XAMPP/xamppfiles/htdocs/projects/newicon/projects/yii/web/CBaseController.php(119): require('/Applications/X...')
#3 /Applications/XAMPP/xamppfiles/htdocs/projects/newicon/projects/yii/web/CBaseController.php(88): CBaseController->renderInternal('/Applications/X...', Array, true)
#4 /Applications/XAMPP/xamppfiles/htdocs/projects/newicon/projects/yii/web/widgets/CContentDecorator.php(78): CBaseController->renderFile('/Applications/X...', Array, true)
#5 /Applications/XAMPP/xamppfiles/htdocs/projects/newicon/projects/yii/web/widgets/CContentDecorator.php(56): CContentDecorator->decorate('<div class="con...')
#6 /Applications/XAMPP/xamppfiles/htdocs/projects/newicon/projects/yii/web/widgets/COutputProcessor.php(45): CContentDecorator->processOutput('<div class="con...')
#7 /Applications/XAMPP/xamppfiles/htdocs/projects/newicon/projects/yii/web/CBaseController.php(199): COutputProcessor->run()
#8 /Applications/XAMPP/xamppfiles/htdocs/projects/newicon/projects/yii/web/CBaseController.php(294): CBaseController->endWidget('CContentDecorat...')
#9 /Applications/XAMPP/xamppfiles/htdocs/projects/newicon/projects/protected/views/layouts/column1.php(7): CBaseController->endContent()
#10 /Applications/XAMPP/xamppfiles/htdocs/projects/newicon/projects/yii/web/CBaseController.php(119): require('/Applications/X...')
#11 /Applications/XAMPP/xamppfiles/htdocs/projects/newicon/projects/yii/web/CBaseController.php(88): CBaseController->renderInternal('/Applications/X...', Array, true)
#12 /Applications/XAMPP/xamppfiles/htdocs/projects/newicon/projects/yii/web/CController.php(748): CBaseController->renderFile('/Applications/X...', Array, true)
#13 /Applications/XAMPP/xamppfiles/htdocs/projects/newicon/projects/protected/controllers/SiteController.php(32): CController->render('index')
#14 /Applications/XAMPP/xamppfiles/htdocs/projects/newicon/projects/yii/web/actions/CInlineAction.php(57): SiteController->actionIndex()
#15 /Applications/XAMPP/xamppfiles/htdocs/projects/newicon/projects/yii/web/CController.php(300): CInlineAction->run()
#16 /Applications/XAMPP/xamppfiles/htdocs/projects/newicon/projects/yii/web/CController.php(278): CController->runAction(Object(CInlineAction))
#17 /Applications/XAMPP/xamppfiles/htdocs/projects/newicon/projects/yii/web/CController.php(257): CController->runActionWithFilters(Object(CInlineAction), Array)
#18 /Applications/XAMPP/xamppfiles/htdocs/projects/newicon/projects/yii/web/CWebApplication.php(328): CController->run('')
#19 /Applications/XAMPP/xamppfiles/htdocs/projects/newicon/projects/yii/web/CWebApplication.php(121): CWebApplication->runController('')
#20 /Applications/XAMPP/xamppfiles/htdocs/projects/newicon/projects/yii/base/CApplication.php(155): CWebApplication->processRequest()
#21 /Applications/XAMPP/xamppfiles/htdocs/projects/newicon/projects/index.php(13): CApplication->run()
#22 {main} REQUEST_URI=/newicon/projects/index.php
2011/02/17 12:16:18 [error] [exception.CException] exception 'CException' with message 'SiteController does not have a method named "com".' in /Applications/XAMPP/xamppfiles/htdocs/projects/newicon/projects/yii/base/CComponent.php:266
Stack trace:
#0 [internal function]: CComponent->__call('com', Array)
#1 /Applications/XAMPP/xamppfiles/htdocs/projects/newicon/projects/protected/views/layouts/main.php(38): SiteController->com('zii.cmenu', Array)
#2 /Applications/XAMPP/xamppfiles/htdocs/projects/newicon/projects/yii/web/CBaseController.php(119): require('/Applications/X...')
#3 /Applications/XAMPP/xamppfiles/htdocs/projects/newicon/projects/yii/web/CBaseController.php(88): CBaseController->renderInternal('/Applications/X...', Array, true)
#4 /Applications/XAMPP/xamppfiles/htdocs/projects/newicon/projects/yii/web/widgets/CContentDecorator.php(78): CBaseController->renderFile('/Applications/X...', Array, true)
#5 /Applications/XAMPP/xamppfiles/htdocs/projects/newicon/projects/yii/web/widgets/CContentDecorator.php(56): CContentDecorator->decorate('<div class="con...')
#6 /Applications/XAMPP/xamppfiles/htdocs/projects/newicon/projects/yii/web/widgets/COutputProcessor.php(45): CContentDecorator->processOutput('<div class="con...')
#7 /Applications/XAMPP/xamppfiles/htdocs/projects/newicon/projects/yii/web/CBaseController.php(199): COutputProcessor->run()
#8 /Applications/XAMPP/xamppfiles/htdocs/projects/newicon/projects/yii/web/CBaseController.php(294): CBaseController->endWidget('CContentDecorat...')
#9 /Applications/XAMPP/xamppfiles/htdocs/projects/newicon/projects/protected/views/layouts/column1.php(7): CBaseController->endContent()
#10 /Applications/XAMPP/xamppfiles/htdocs/projects/newicon/projects/yii/web/CBaseController.php(119): require('/Applications/X...')
#11 /Applications/XAMPP/xamppfiles/htdocs/projects/newicon/projects/yii/web/CBaseController.php(88): CBaseController->renderInternal('/Applications/X...', Array, true)
#12 /Applications/XAMPP/xamppfiles/htdocs/projects/newicon/projects/yii/web/CController.php(748): CBaseController->renderFile('/Applications/X...', Array, true)
#13 /Applications/XAMPP/xamppfiles/htdocs/projects/newicon/projects/protected/controllers/SiteController.php(32): CController->render('index')
#14 /Applications/XAMPP/xamppfiles/htdocs/projects/newicon/projects/yii/web/actions/CInlineAction.php(57): SiteController->actionIndex()
#15 /Applications/XAMPP/xamppfiles/htdocs/projects/newicon/projects/yii/web/CController.php(300): CInlineAction->run()
#16 /Applications/XAMPP/xamppfiles/htdocs/projects/newicon/projects/yii/web/CController.php(278): CController->runAction(Object(CInlineAction))
#17 /Applications/XAMPP/xamppfiles/htdocs/projects/newicon/projects/yii/web/CController.php(257): CController->runActionWithFilters(Object(CInlineAction), Array)
#18 /Applications/XAMPP/xamppfiles/htdocs/projects/newicon/projects/yii/web/CWebApplication.php(328): CController->run('')
#19 /Applications/XAMPP/xamppfiles/htdocs/projects/newicon/projects/yii/web/CWebApplication.php(121): CWebApplication->runController('')
#20 /Applications/XAMPP/xamppfiles/htdocs/projects/newicon/projects/yii/base/CApplication.php(155): CWebApplication->processRequest()
#21 /Applications/XAMPP/xamppfiles/htdocs/projects/newicon/projects/index.php(13): CApplication->run()
#22 {main} REQUEST_URI=/newicon/projects/index.php
2011/02/17 12:16:39 [error] [exception.CException] exception 'CException' with message 'SiteController does not have a method named "com".' in /Applications/XAMPP/xamppfiles/htdocs/projects/newicon/projects/yii/base/CComponent.php:266
Stack trace:
#0 [internal function]: CComponent->__call('com', Array)
#1 /Applications/XAMPP/xamppfiles/htdocs/projects/newicon/projects/protected/views/layouts/main.php(38): SiteController->com('zii.widgets.CMe...', Array)
#2 /Applications/XAMPP/xamppfiles/htdocs/projects/newicon/projects/yii/web/CBaseController.php(119): require('/Applications/X...')
#3 /Applications/XAMPP/xamppfiles/htdocs/projects/newicon/projects/yii/web/CBaseController.php(88): CBaseController->renderInternal('/Applications/X...', Array, true)
#4 /Applications/XAMPP/xamppfiles/htdocs/projects/newicon/projects/yii/web/widgets/CContentDecorator.php(78): CBaseController->renderFile('/Applications/X...', Array, true)
#5 /Applications/XAMPP/xamppfiles/htdocs/projects/newicon/projects/yii/web/widgets/CContentDecorator.php(56): CContentDecorator->decorate('<div class="con...')
#6 /Applications/XAMPP/xamppfiles/htdocs/projects/newicon/projects/yii/web/widgets/COutputProcessor.php(45): CContentDecorator->processOutput('<div class="con...')
#7 /Applications/XAMPP/xamppfiles/htdocs/projects/newicon/projects/yii/web/CBaseController.php(199): COutputProcessor->run()
#8 /Applications/XAMPP/xamppfiles/htdocs/projects/newicon/projects/yii/web/CBaseController.php(294): CBaseController->endWidget('CContentDecorat...')
#9 /Applications/XAMPP/xamppfiles/htdocs/projects/newicon/projects/protected/views/layouts/column1.php(7): CBaseController->endContent()
#10 /Applications/XAMPP/xamppfiles/htdocs/projects/newicon/projects/yii/web/CBaseController.php(119): require('/Applications/X...')
#11 /Applications/XAMPP/xamppfiles/htdocs/projects/newicon/projects/yii/web/CBaseController.php(88): CBaseController->renderInternal('/Applications/X...', Array, true)
#12 /Applications/XAMPP/xamppfiles/htdocs/projects/newicon/projects/yii/web/CController.php(748): CBaseController->renderFile('/Applications/X...', Array, true)
#13 /Applications/XAMPP/xamppfiles/htdocs/projects/newicon/projects/protected/controllers/SiteController.php(32): CController->render('index')
#14 /Applications/XAMPP/xamppfiles/htdocs/projects/newicon/projects/yii/web/actions/CInlineAction.php(57): SiteController->actionIndex()
#15 /Applications/XAMPP/xamppfiles/htdocs/projects/newicon/projects/yii/web/CController.php(300): CInlineAction->run()
#16 /Applications/XAMPP/xamppfiles/htdocs/projects/newicon/projects/yii/web/CController.php(278): CController->runAction(Object(CInlineAction))
#17 /Applications/XAMPP/xamppfiles/htdocs/projects/newicon/projects/yii/web/CController.php(257): CController->runActionWithFilters(Object(CInlineAction), Array)
#18 /Applications/XAMPP/xamppfiles/htdocs/projects/newicon/projects/yii/web/CWebApplication.php(328): CController->run('')
#19 /Applications/XAMPP/xamppfiles/htdocs/projects/newicon/projects/yii/web/CWebApplication.php(121): CWebApplication->runController('')
#20 /Applications/XAMPP/xamppfiles/htdocs/projects/newicon/projects/yii/base/CApplication.php(155): CWebApplication->processRequest()
#21 /Applications/XAMPP/xamppfiles/htdocs/projects/newicon/projects/index.php(13): CApplication->run()
#22 {main} REQUEST_URI=/newicon/projects/index.php
2011/02/17 12:33:20 [error] [php] Trying to get property of non-object (/Applications/XAMPP/xamppfiles/htdocs/projects/newicon/projects/protected/views/layouts/main.php:19)
Stack trace:
#0 /Applications/XAMPP/xamppfiles/htdocs/projects/newicon/projects/yii/web/widgets/CContentDecorator.php(78): SiteController->renderFile()
#1 /Applications/XAMPP/xamppfiles/htdocs/projects/newicon/projects/yii/web/widgets/CContentDecorator.php(56): CContentDecorator->decorate()
#2 /Applications/XAMPP/xamppfiles/htdocs/projects/newicon/projects/yii/web/widgets/COutputProcessor.php(45): CContentDecorator->processOutput()
#3 /Applications/XAMPP/xamppfiles/htdocs/projects/newicon/projects/yii/web/CBaseController.php(199): CContentDecorator->run()
#4 /Applications/XAMPP/xamppfiles/htdocs/projects/newicon/projects/yii/web/CBaseController.php(294): SiteController->endWidget()
#5 /Applications/XAMPP/xamppfiles/htdocs/projects/newicon/projects/protected/views/layouts/column1.php(7): SiteController->endContent()
#6 /Applications/XAMPP/xamppfiles/htdocs/projects/newicon/projects/yii/web/CBaseController.php(119): require()
#7 /Applications/XAMPP/xamppfiles/htdocs/projects/newicon/projects/yii/web/CBaseController.php(88): SiteController->renderInternal()
#8 /Applications/XAMPP/xamppfiles/htdocs/projects/newicon/projects/yii/web/CController.php(748): SiteController->renderFile()
#9 /Applications/XAMPP/xamppfiles/htdocs/projects/newicon/projects/protected/controllers/SiteController.php(32): SiteController->render()
#10 /Applications/XAMPP/xamppfiles/htdocs/projects/newicon/projects/yii/web/actions/CInlineAction.php(57): SiteController->actionIndex()
#11 /Applications/XAMPP/xamppfiles/htdocs/projects/newicon/projects/yii/web/CController.php(300): CInlineAction->run()
#12 /Applications/XAMPP/xamppfiles/htdocs/projects/newicon/projects/yii/web/CController.php(278): SiteController->runAction()
#13 /Applications/XAMPP/xamppfiles/htdocs/projects/newicon/projects/yii/web/CController.php(257): SiteController->runActionWithFilters()
#14 /Applications/XAMPP/xamppfiles/htdocs/projects/newicon/projects/yii/web/CWebApplication.php(328): SiteController->run()
#15 /Applications/XAMPP/xamppfiles/htdocs/projects/newicon/projects/yii/web/CWebApplication.php(121): CWebApplication->runController()
#16 /Applications/XAMPP/xamppfiles/htdocs/projects/newicon/projects/yii/base/CApplication.php(155): CWebApplication->processRequest()
#17 /Applications/XAMPP/xamppfiles/htdocs/projects/newicon/projects/index.php(13): CWebApplication->run()
REQUEST_URI=/newicon/projects/index.php?r=site/index
in /Applications/XAMPP/xamppfiles/htdocs/projects/newicon/projects/protected/views/layouts/main.php (19)
in /Applications/XAMPP/xamppfiles/htdocs/projects/newicon/projects/protected/views/layouts/column1.php (7)
in /Applications/XAMPP/xamppfiles/htdocs/projects/newicon/projects/protected/controllers/SiteController.php (32)
2011/02/17 12:34:36 [error] [exception.CException] exception 'CException' with message 'Property "CWebApplication.classic" is not defined.' in /Applications/XAMPP/xamppfiles/htdocs/projects/newicon/projects/yii/base/CComponent.php:131
Stack trace:
#0 /Applications/XAMPP/xamppfiles/htdocs/projects/newicon/projects/yii/base/CModule.php(88): CComponent->__get('classic')
#1 /Applications/XAMPP/xamppfiles/htdocs/projects/newicon/projects/protected/views/layouts/main.php(19): CModule->__get('classic')
#2 /Applications/XAMPP/xamppfiles/htdocs/projects/newicon/projects/yii/web/CBaseController.php(119): require('/Applications/X...')
#3 /Applications/XAMPP/xamppfiles/htdocs/projects/newicon/projects/yii/web/CBaseController.php(88): CBaseController->renderInternal('/Applications/X...', Array, true)
#4 /Applications/XAMPP/xamppfiles/htdocs/projects/newicon/projects/yii/web/widgets/CContentDecorator.php(78): CBaseController->renderFile('/Applications/X...', Array, true)
#5 /Applications/XAMPP/xamppfiles/htdocs/projects/newicon/projects/yii/web/widgets/CContentDecorator.php(56): CContentDecorator->decorate('<div class="con...')
#6 /Applications/XAMPP/xamppfiles/htdocs/projects/newicon/projects/yii/web/widgets/COutputProcessor.php(45): CContentDecorator->processOutput('<div class="con...')
#7 /Applications/XAMPP/xamppfiles/htdocs/projects/newicon/projects/yii/web/CBaseController.php(199): COutputProcessor->run()
#8 /Applications/XAMPP/xamppfiles/htdocs/projects/newicon/projects/yii/web/CBaseController.php(294): CBaseController->endWidget('CContentDecorat...')
#9 /Applications/XAMPP/xamppfiles/htdocs/projects/newicon/projects/protected/views/layouts/column1.php(7): CBaseController->endContent()
#10 /Applications/XAMPP/xamppfiles/htdocs/projects/newicon/projects/yii/web/CBaseController.php(119): require('/Applications/X...')
#11 /Applications/XAMPP/xamppfiles/htdocs/projects/newicon/projects/yii/web/CBaseController.php(88): CBaseController->renderInternal('/Applications/X...', Array, true)
#12 /Applications/XAMPP/xamppfiles/htdocs/projects/newicon/projects/yii/web/CController.php(748): CBaseController->renderFile('/Applications/X...', Array, true)
#13 /Applications/XAMPP/xamppfiles/htdocs/projects/newicon/projects/protected/controllers/SiteController.php(32): CController->render('index')
#14 /Applications/XAMPP/xamppfiles/htdocs/projects/newicon/projects/yii/web/actions/CInlineAction.php(57): SiteController->actionIndex()
#15 /Applications/XAMPP/xamppfiles/htdocs/projects/newicon/projects/yii/web/CController.php(300): CInlineAction->run()
#16 /Applications/XAMPP/xamppfiles/htdocs/projects/newicon/projects/yii/web/CController.php(278): CController->runAction(Object(CInlineAction))
#17 /Applications/XAMPP/xamppfiles/htdocs/projects/newicon/projects/yii/web/CController.php(257): CController->runActionWithFilters(Object(CInlineAction), Array)
#18 /Applications/XAMPP/xamppfiles/htdocs/projects/newicon/projects/yii/web/CWebApplication.php(328): CController->run('index')
#19 /Applications/XAMPP/xamppfiles/htdocs/projects/newicon/projects/yii/web/CWebApplication.php(121): CWebApplication->runController('site/index')
#20 /Applications/XAMPP/xamppfiles/htdocs/projects/newicon/projects/yii/base/CApplication.php(155): CWebApplication->processRequest()
#21 /Applications/XAMPP/xamppfiles/htdocs/projects/newicon/projects/index.php(13): CApplication->run()
#22 {main} REQUEST_URI=/newicon/projects/index.php?r=site/index
2011/02/17 21:33:44 [error] [exception.CException] exception 'CException' with message 'CAssetManager.basePath "C:\Users\steve\Desktop\projects\newicon\projects\assets" is invalid. Please make sure the directory exists and is writable by the Web server process.' in C:\Users\steve\Desktop\projects\newicon\projects\yii\web\CAssetManager.php:98
Stack trace:
#0 C:\Users\steve\Desktop\projects\newicon\projects\yii\web\CAssetManager.php(83): CAssetManager->setBasePath('C:\Users\steve\...')
#1 C:\Users\steve\Desktop\projects\newicon\projects\yii\web\CAssetManager.php(192): CAssetManager->getBasePath()
#2 C:\Users\steve\Desktop\projects\newicon\projects\yii\web\CClientScript.php(387): CAssetManager->publish('C:\Users\steve\...')
#3 C:\Users\steve\Desktop\projects\newicon\projects\yii\web\CClientScript.php(238): CClientScript->getCoreScriptUrl()
#4 C:\Users\steve\Desktop\projects\newicon\projects\yii\web\CClientScript.php(133): CClientScript->renderCoreScripts()
#5 C:\Users\steve\Desktop\projects\newicon\projects\yii\web\CController.php(318): CClientScript->render('<!DOCTYPE html ...')
#6 C:\Users\steve\Desktop\projects\newicon\projects\yii\web\CController.php(752): CController->processOutput('<!DOCTYPE html ...')
#7 C:\Users\steve\Desktop\projects\newicon\projects\protected\controllers\SiteController.php(66): CController->render('contact', Array)
#8 C:\Users\steve\Desktop\projects\newicon\projects\yii\web\actions\CInlineAction.php(57): SiteController->actionContact()
#9 C:\Users\steve\Desktop\projects\newicon\projects\yii\web\CController.php(300): CInlineAction->run()
#10 C:\Users\steve\Desktop\projects\newicon\projects\yii\web\CController.php(278): CController->runAction(Object(CInlineAction))
#11 C:\Users\steve\Desktop\projects\newicon\projects\yii\web\CController.php(257): CController->runActionWithFilters(Object(CInlineAction), Array)
#12 C:\Users\steve\Desktop\projects\newicon\projects\yii\web\CWebApplication.php(328): CController->run('contact')
#13 C:\Users\steve\Desktop\projects\newicon\projects\yii\web\CWebApplication.php(121): CWebApplication->runController('site/contact')
#14 C:\Users\steve\Desktop\projects\newicon\projects\yii\base\CApplication.php(155): CWebApplication->processRequest()
#15 C:\Users\steve\Desktop\projects\newicon\projects\index.php(13): CApplication->run()
#16 {main} REQUEST_URI=/newicon/projects/index.php/site/contact
2011/02/17 21:34:12 [error] [exception.CException] exception 'CException' with message 'CAssetManager.basePath "C:\Users\steve\Desktop\projects\newicon\projects\assets" is invalid. Please make sure the directory exists and is writable by the Web server process.' in C:\Users\steve\Desktop\projects\newicon\projects\yii\web\CAssetManager.php:98
Stack trace:
#0 C:\Users\steve\Desktop\projects\newicon\projects\yii\web\CAssetManager.php(83): CAssetManager->setBasePath('C:\Users\steve\...')
#1 C:\Users\steve\Desktop\projects\newicon\projects\yii\web\CAssetManager.php(192): CAssetManager->getBasePath()
#2 C:\Users\steve\Desktop\projects\newicon\projects\yii\web\CClientScript.php(387): CAssetManager->publish('C:\Users\steve\...')
#3 C:\Users\steve\Desktop\projects\newicon\projects\yii\web\CClientScript.php(238): CClientScript->getCoreScriptUrl()
#4 C:\Users\steve\Desktop\projects\newicon\projects\yii\web\CClientScript.php(133): CClientScript->renderCoreScripts()
#5 C:\Users\steve\Desktop\projects\newicon\projects\yii\web\CController.php(318): CClientScript->render('<!DOCTYPE html ...')
#6 C:\Users\steve\Desktop\projects\newicon\projects\yii\web\CController.php(752): CController->processOutput('<!DOCTYPE html ...')
#7 C:\Users\steve\Desktop\projects\newicon\projects\protected\controllers\SiteController.php(66): CController->render('contact', Array)
#8 C:\Users\steve\Desktop\projects\newicon\projects\yii\web\actions\CInlineAction.php(57): SiteController->actionContact()
#9 C:\Users\steve\Desktop\projects\newicon\projects\yii\web\CController.php(300): CInlineAction->run()
#10 C:\Users\steve\Desktop\projects\newicon\projects\yii\web\CController.php(278): CController->runAction(Object(CInlineAction))
#11 C:\Users\steve\Desktop\projects\newicon\projects\yii\web\CController.php(257): CController->runActionWithFilters(Object(CInlineAction), Array)
#12 C:\Users\steve\Desktop\projects\newicon\projects\yii\web\CWebApplication.php(328): CController->run('contact')
#13 C:\Users\steve\Desktop\projects\newicon\projects\yii\web\CWebApplication.php(121): CWebApplication->runController('site/contact')
#14 C:\Users\steve\Desktop\projects\newicon\projects\yii\base\CApplication.php(155): CWebApplication->processRequest()
#15 C:\Users\steve\Desktop\projects\newicon\projects\index.php(13): CApplication->run()
#16 {main} REQUEST_URI=/newicon/projects/index.php/site/contact
2011/02/17 21:34:18 [error] [exception.CException] exception 'CException' with message 'CAssetManager.basePath "C:\Users\steve\Desktop\projects\newicon\projects\assets" is invalid. Please make sure the directory exists and is writable by the Web server process.' in C:\Users\steve\Desktop\projects\newicon\projects\yii\web\CAssetManager.php:98
Stack trace:
#0 C:\Users\steve\Desktop\projects\newicon\projects\yii\web\CAssetManager.php(83): CAssetManager->setBasePath('C:\Users\steve\...')
#1 C:\Users\steve\Desktop\projects\newicon\projects\yii\web\CAssetManager.php(192): CAssetManager->getBasePath()
#2 C:\Users\steve\Desktop\projects\newicon\projects\yii\web\CClientScript.php(387): CAssetManager->publish('C:\Users\steve\...')
#3 C:\Users\steve\Desktop\projects\newicon\projects\yii\web\CClientScript.php(238): CClientScript->getCoreScriptUrl()
#4 C:\Users\steve\Desktop\projects\newicon\projects\yii\web\CClientScript.php(133): CClientScript->renderCoreScripts()
#5 C:\Users\steve\Desktop\projects\newicon\projects\yii\web\CController.php(318): CClientScript->render('<!DOCTYPE html ...')
#6 C:\Users\steve\Desktop\projects\newicon\projects\yii\web\CController.php(752): CController->processOutput('<!DOCTYPE html ...')
#7 C:\Users\steve\Desktop\projects\newicon\projects\protected\controllers\SiteController.php(66): CController->render('contact', Array)
#8 C:\Users\steve\Desktop\projects\newicon\projects\yii\web\actions\CInlineAction.php(57): SiteController->actionContact()
#9 C:\Users\steve\Desktop\projects\newicon\projects\yii\web\CController.php(300): CInlineAction->run()
#10 C:\Users\steve\Desktop\projects\newicon\projects\yii\web\CController.php(278): CController->runAction(Object(CInlineAction))
#11 C:\Users\steve\Desktop\projects\newicon\projects\yii\web\CController.php(257): CController->runActionWithFilters(Object(CInlineAction), Array)
#12 C:\Users\steve\Desktop\projects\newicon\projects\yii\web\CWebApplication.php(328): CController->run('contact')
#13 C:\Users\steve\Desktop\projects\newicon\projects\yii\web\CWebApplication.php(121): CWebApplication->runController('site/contact')
#14 C:\Users\steve\Desktop\projects\newicon\projects\yii\base\CApplication.php(155): CWebApplication->processRequest()
#15 C:\Users\steve\Desktop\projects\newicon\projects\index.php(13): CApplication->run()
#16 {main} REQUEST_URI=/newicon/projects/index.php/site/contact
2011/02/17 21:40:51 [error] [exception.CHttpException.404] exception 'CHttpException' with message 'The system is unable to find the requested action "users".' in C:\Users\steve\Desktop\projects\newicon\projects\yii\web\CController.php:444
Stack trace:
#0 C:\Users\steve\Desktop\projects\newicon\projects\yii\web\CController.php(262): CController->missingAction('users')
#1 C:\Users\steve\Desktop\projects\newicon\projects\yii\web\CWebApplication.php(328): CController->run('users')
#2 C:\Users\steve\Desktop\projects\newicon\projects\yii\web\CWebApplication.php(121): CWebApplication->runController('site/users/inde...')
#3 C:\Users\steve\Desktop\projects\newicon\projects\yii\base\CApplication.php(155): CWebApplication->processRequest()
#4 C:\Users\steve\Desktop\projects\newicon\projects\index.php(13): CApplication->run()
#5 {main} REQUEST_URI=/newicon/projects/index.php/site/users/index/login
2011/02/17 21:53:00 [error] [exception.CHttpException.404] exception 'CHttpException' with message 'The system is unable to find the requested action "users".' in C:\Users\steve\Desktop\projects\newicon\projects\yii\web\CController.php:444
Stack trace:
#0 C:\Users\steve\Desktop\projects\newicon\projects\yii\web\CController.php(262): CController->missingAction('users')
#1 C:\Users\steve\Desktop\projects\newicon\projects\yii\web\CWebApplication.php(328): CController->run('users')
#2 C:\Users\steve\Desktop\projects\newicon\projects\yii\web\CWebApplication.php(121): CWebApplication->runController('site/users/inde...')
#3 C:\Users\steve\Desktop\projects\newicon\projects\yii\base\CApplication.php(155): CWebApplication->processRequest()
#4 C:\Users\steve\Desktop\projects\newicon\projects\index.php(13): CApplication->run()
#5 {main} REQUEST_URI=/newicon/projects/index.php/site/users/index/login
2011/02/18 01:47:05 [error] [exception.CDbException] exception 'CDbException' with message 'CDbConnection failed to open the DB connection: SQLSTATE[42000] [1049] Unknown database 'projects_manager'' in C:\Users\steve\Desktop\projects\newicon\projects\yii\db\CDbConnection.php:287
Stack trace:
#0 C:\Users\steve\Desktop\projects\newicon\projects\yii\db\CDbConnection.php(260): CDbConnection->open()
#1 C:\Users\steve\Desktop\projects\newicon\projects\yii\db\CDbConnection.php(238): CDbConnection->setActive(true)
#2 C:\Users\steve\Desktop\projects\newicon\projects\yii\base\CModule.php(372): CDbConnection->init()
#3 C:\Users\steve\Desktop\projects\newicon\projects\yii\base\CModule.php(86): CModule->getComponent('db')
#4 C:\Users\steve\Desktop\projects\newicon\projects\yii\gii\generators\model\ModelCode.php(52): CModule->__get('db')
#5 C:\Users\steve\Desktop\projects\newicon\projects\yii\web\CFormModel.php(40): ModelCode->init()
#6 C:\Users\steve\Desktop\projects\newicon\projects\yii\gii\CCodeGenerator.php(149): CFormModel->__construct()
#7 C:\Users\steve\Desktop\projects\newicon\projects\yii\gii\CCodeGenerator.php(61): CCodeGenerator->prepare()
#8 C:\Users\steve\Desktop\projects\newicon\projects\yii\web\actions\CInlineAction.php(57): CCodeGenerator->actionIndex()
#9 C:\Users\steve\Desktop\projects\newicon\projects\yii\web\CController.php(300): CInlineAction->run()
#10 C:\Users\steve\Desktop\projects\newicon\projects\yii\web\CController.php(278): CController->runAction(Object(CInlineAction))
#11 C:\Users\steve\Desktop\projects\newicon\projects\yii\web\CController.php(257): CController->runActionWithFilters(Object(CInlineAction), Array)
#12 C:\Users\steve\Desktop\projects\newicon\projects\yii\web\CWebApplication.php(328): CController->run('')
#13 C:\Users\steve\Desktop\projects\newicon\projects\yii\web\CWebApplication.php(121): CWebApplication->runController('gii/model')
#14 C:\Users\steve\Desktop\projects\newicon\projects\yii\base\CApplication.php(155): CWebApplication->processRequest()
#15 C:\Users\steve\Desktop\projects\newicon\projects\index.php(13): CApplication->run()
#16 {main} REQUEST_URI=/newicon/projects/index.php/gii/model
2011/02/18 01:49:54 [error] [exception.CDbException] exception 'CDbException' with message 'CDbConnection failed to open the DB connection: SQLSTATE[42000] [1049] Unknown database 'projects_manager'' in C:\Users\steve\Desktop\projects\newicon\projects\yii\db\CDbConnection.php:287
Stack trace:
#0 C:\Users\steve\Desktop\projects\newicon\projects\yii\db\CDbConnection.php(260): CDbConnection->open()
#1 C:\Users\steve\Desktop\projects\newicon\projects\yii\db\CDbConnection.php(238): CDbConnection->setActive(true)
#2 C:\Users\steve\Desktop\projects\newicon\projects\yii\base\CModule.php(372): CDbConnection->init()
#3 C:\Users\steve\Desktop\projects\newicon\projects\yii\base\CModule.php(86): CModule->getComponent('db')
#4 C:\Users\steve\Desktop\projects\newicon\projects\yii\gii\generators\model\ModelCode.php(52): CModule->__get('db')
#5 C:\Users\steve\Desktop\projects\newicon\projects\yii\web\CFormModel.php(40): ModelCode->init()
#6 C:\Users\steve\Desktop\projects\newicon\projects\yii\gii\CCodeGenerator.php(149): CFormModel->__construct()
#7 C:\Users\steve\Desktop\projects\newicon\projects\yii\gii\CCodeGenerator.php(61): CCodeGenerator->prepare()
#8 C:\Users\steve\Desktop\projects\newicon\projects\yii\web\actions\CInlineAction.php(57): CCodeGenerator->actionIndex()
#9 C:\Users\steve\Desktop\projects\newicon\projects\yii\web\CController.php(300): CInlineAction->run()
#10 C:\Users\steve\Desktop\projects\newicon\projects\yii\web\CController.php(278): CController->runAction(Object(CInlineAction))
#11 C:\Users\steve\Desktop\projects\newicon\projects\yii\web\CController.php(257): CController->runActionWithFilters(Object(CInlineAction), Array)
#12 C:\Users\steve\Desktop\projects\newicon\projects\yii\web\CWebApplication.php(328): CController->run('')
#13 C:\Users\steve\Desktop\projects\newicon\projects\yii\web\CWebApplication.php(121): CWebApplication->runController('gii/model')
#14 C:\Users\steve\Desktop\projects\newicon\projects\yii\base\CApplication.php(155): CWebApplication->processRequest()
#15 C:\Users\steve\Desktop\projects\newicon\projects\index.php(13): CApplication->run()
#16 {main} REQUEST_URI=/newicon/projects/index.php/gii/model
2011/02/18 01:52:56 [error] [system.db.CDbCommand] Error in querying SQL: SHOW COLUMNS FROM `crm_contacts`
in C:\Users\steve\Desktop\projects\newicon\projects\index.php (13)
